This is pdfTeX, Version 3.14159265-2.6-1.40.21 (MiKTeX 20.10) (preloaded format=pdflatex 2020.12.17)  26 JAN 2022 09:50
entering extended mode
**./eremeev_et_al.tex
(eremeev_et_al.tex
LaTeX2e <2020-10-01> patch level 1
L3 programming layer <2020-10-05> xparse <2020-03-03> (ifacconf.cls
Document Class: ifacconf 2008/04/14, 3.2ModD: IFAC conferences

\@frontmatterwidth=\dimen138
\@bls=\dimen139
\eqntopsep=\skip47
\eqnarraycolsep=\dimen140
\labelwidthi=\dimen141
\labelwidthii=\dimen142
\labelwidthiii=\dimen143
\labelwidthiv=\dimen144
\@maxlistdepth=\count175
\eqnbaselineskip=\skip48
\eqnlineskip=\skip49
\mathindent=\dimen145
\rulepreskip=\dimen146
\rulepostskip=\dimen147
\Arrayrulewidth=\dimen148
\crulepostskip=\dimen149
\@Ldec=\dimen150
\@Rdec=\dimen151
\@Lpmdec=\dimen152
\@Rpmdec=\dimen153
\c@section=\count176
\c@subsection=\count177
\c@subsubsection=\count178
\c@paragraph=\count179
\c@subparagraph=\count180
("C:\Program Files\MiKTeX\tex/latex/tools\theorem.sty"
Package: theorem 2014/10/28 v2.2c Theorem extension package (FMi)
\theorem@style=\toks15
\theorem@bodyfont=\toks16
\theorempreskipamount=\skip50
\theorempostskipamount=\skip51

("C:\Program Files\MiKTeX\tex/latex/tools\thp.sty"
File: thp.sty 2014/10/28 v2.2c Theorem extension package (FMi)
))
("C:\Program Files\MiKTeX\tex/latex/base\newlfont.sty"
Package: newlfont 1998/08/17 v2.2m Standard LaTeX package
LaTeX Info: Redefining \em on input line 57.

("C:\Program Files\MiKTeX\tex/latex/base\latexsym.sty"
Package: latexsym 1998/08/17 v2.2e Standard LaTeX package (lasy symbols)
\symlasy=\mathgroup4
LaTeX Font Info:    Overwriting symbol font `lasy' in version `bold'
(Font)                  U/lasy/m/n --> U/lasy/b/n on input line 52.
))
LaTeX Info: Redefining \rm on input line 595.
LaTeX Info: Redefining \sf on input line 596.
LaTeX Info: Redefining \tt on input line 597.
LaTeX Info: Redefining \bf on input line 598.
LaTeX Info: Redefining \it on input line 599.
LaTeX Info: Redefining \sl on input line 600.
LaTeX Info: Redefining \sc on input line 601.
\c@thm=\count181
\c@alg=\count182
\c@algorithm=\count183
\c@note=\count184
\c@summ=\count185
\c@case=\count186
\@tempcntc=\count187
\c@figure=\count188
\c@table=\count189
\t@glob@notes=\toks17
\t@loc@notes=\toks18
\note@cnt=\count190
\c@author=\count191
\n@author=\count192
\c@collab=\count193
\n@collab=\count194
\c@address=\count195
\sv@mathsurround=\dimen154
\sv@hyphenpenalty=\count196
\prev@elem=\count197
\cur@elem=\count198
\fm@box=\box47
\fm@size=\dimen155
\t@abstract=\box48
\t@keyword=\box49
\rep@mod=\count199
\t@xtheight=\dimen156
\@logoheight=\dimen157
\@pubyear=\count266
\c@firstpage=\count267
\c@lastpage=\count268
\slashbox=\box50
LaTeX Font Info:    External font `cmex10' loaded for size
(Font)              <7> on input line 1506.
LaTeX Font Info:    External font `cmex10' loaded for size
(Font)              <5> on input line 1506.
LaTeX Font Info:    Trying to load font information for U+lasy on input line 15
06.

("C:\Program Files\MiKTeX\tex/latex/base\ulasy.fd"
File: ulasy.fd 1998/08/17 v2.2e LaTeX symbol font definitions
)
\Slashbox=\box51
LaTeX Font Info:    External font `cmex10' loaded for size
(Font)              <12> on input line 1507.
LaTeX Font Info:    External font `cmex10' loaded for size
(Font)              <8> on input line 1507.
LaTeX Font Info:    External font `cmex10' loaded for size
(Font)              <6> on input line 1507.
\@frontindent=\dimen158
)
("C:\Program Files\MiKTeX\tex/latex/graphics\graphicx.sty"
Package: graphicx 2020/09/09 v1.2b Enhanced LaTeX Graphics (DPC,SPQR)

("C:\Program Files\MiKTeX\tex/latex/graphics\keyval.sty"
Package: keyval 2014/10/28 v1.15 key=value parser (DPC)
\KV@toks@=\toks19
)
("C:\Program Files\MiKTeX\tex/latex/graphics\graphics.sty"
Package: graphics 2020/08/30 v1.4c Standard LaTeX Graphics (DPC,SPQR)

("C:\Program Files\MiKTeX\tex/latex/graphics\trig.sty"
Package: trig 2016/01/03 v1.10 sin cos tan (DPC)
)
("C:\Program Files\MiKTeX\tex/latex/graphics-cfg\graphics.cfg"
File: graphics.cfg 2016/06/04 v1.11 sample graphics configuration
)
Package graphics Info: Driver file: pdftex.def on input line 105.

("C:\Program Files\MiKTeX\tex/latex/graphics-def\pdftex.def"
File: pdftex.def 2020/10/05 v1.2a Graphics/color driver for pdftex
))
\Gin@req@height=\dimen159
\Gin@req@width=\dimen160
)
("C:\Program Files\MiKTeX\tex/latex/natbib\natbib.sty"
Package: natbib 2010/09/13 8.31b (PWD, AO)
\bibhang=\skip52
\bibsep=\skip53
LaTeX Info: Redefining \cite on input line 694.
\c@NAT@ctr=\count269
)
("C:\Program Files\MiKTeX\tex/latex/l3backend\l3backend-pdftex.def"
File: l3backend-pdftex.def 2020-09-24 L3 backend support: PDF output (pdfTeX)
\l__kernel_color_stack_int=\count270
\l__pdf_internal_box=\box52
)
(eremeev_et_al.aux

LaTeX Warning: Label `subsec:linkstar' multiply defined.

)
\openout1 = `eremeev_et_al.aux'.

LaTeX Font Info:    Checking defaults for OML/cmm/m/it on input line 14.
LaTeX Font Info:    ... okay on input line 14.
LaTeX Font Info:    Checking defaults for OMS/cmsy/m/n on input line 14.
LaTeX Font Info:    ... okay on input line 14.
LaTeX Font Info:    Checking defaults for OT1/cmr/m/n on input line 14.
LaTeX Font Info:    ... okay on input line 14.
LaTeX Font Info:    Checking defaults for T1/cmr/m/n on input line 14.
LaTeX Font Info:    ... okay on input line 14.
LaTeX Font Info:    Checking defaults for TS1/cmr/m/n on input line 14.
LaTeX Font Info:    ... okay on input line 14.
LaTeX Font Info:    Checking defaults for OMX/cmex/m/n on input line 14.
LaTeX Font Info:    ... okay on input line 14.
LaTeX Font Info:    Checking defaults for U/cmr/m/n on input line 14.
LaTeX Font Info:    ... okay on input line 14.
 ("C:\Program Files\MiKTeX\tex/context/base/mkii\supp-pdf.mkii"
[Loading MPS to PDF converter (version 2006.09.02).]
\scratchcounter=\count271
\scratchdimen=\dimen161
\scratchbox=\box53
\nofMPsegments=\count272
\nofMParguments=\count273
\everyMPshowfont=\toks20
\MPscratchCnt=\count274
\MPscratchDim=\dimen162
\MPnumerator=\count275
\makeMPintoPDFobject=\count276
\everyMPtoPDFconversion=\toks21
) ("C:\Program Files\MiKTeX\tex/latex/epstopdf-pkg\epstopdf-base.sty"
Package: epstopdf-base 2020-01-24 v2.11 Base part for package epstopdf
Package epstopdf-base Info: Redefining graphics rule for `.eps' on input line 4
85.
)
LaTeX Font Info:    Calculating math sizes for size <14> on input line 18.
LaTeX Font Info:    External font `cmex10' loaded for size
(Font)              <14> on input line 18.
LaTeX Font Info:    External font `cmex10' loaded for size
(Font)              <9.79996> on input line 18.
\c@sv@footnote=\count277


Package natbib Warning: Citation `Sol:89' on page 1 undefined on input line 70.



Package natbib Warning: Citation `SXM18' on page 1 undefined on input line 70.


Package natbib Warning: Citation `TZYFW14' on page 1 undefined on input line 70
.


Overfull \hbox (4.71126pt too wide) in paragraph at lines 112--114
[]\OT1/cmr/m/n/10 The ses-sions are rep-re-sented as triples $(\OML/cmm/m/it/10
 A[]; B[]; W[]\OT1/cmr/m/n/10 )\OML/cmm/m/it/10 ;  i \OT1/cmr/m/n/10 =
 []

[1{C:/Users/Anton/AppData/Local/MiKTeX/pdftex/config/pdftex.map}

]

Package natbib Warning: Citation `Baier03' on page 2 undefined on input line 12
5.


Package natbib Warning: Citation `CLRC01' on page 2 undefined on input line 137
.

[2]

Package natbib Warning: Citation `GJ' on page 3 undefined on input line 243.


Package natbib Warning: Citation `Fleis2000' on page 3 undefined on input line 
247.


Package natbib Warning: Citation `Fleis2000' on page 3 undefined on input line 
308.


LaTeX Warning: Reference `alg:FPTAS_dj_limited' on page 3 undefined on input li
ne 321.


Package natbib Warning: Citation `BEHTV19' on page 3 undefined on input line 32
2.

<original_graph.png, id=25, 508.14844pt x 432.86719pt>
File: original_graph.png Graphic file (type png)
<use original_graph.png>
Package pdftex.def Info: original_graph.png  used on input line 377.
(pdftex.def)             Requested size: 170.71652pt x 145.42256pt.
<bandwidthmodel.png, id=26, 519.44063pt x 451.6875pt>
File: bandwidthmodel.png Graphic file (type png)
<use bandwidthmodel.png>
Package pdftex.def Info: bandwidthmodel.png  used on input line 388.
(pdftex.def)             Requested size: 170.71652pt x 148.44392pt.
[3]
<graph_star.png, id=30, 512.66531pt x 405.01312pt>
File: graph_star.png Graphic file (type png)
<use graph_star.png>
Package pdftex.def Info: graph_star.png  used on input line 441.
(pdftex.def)             Requested size: 170.71652pt x 134.86601pt.
<cliqforstn.png, id=31, 420.82219pt x 270.25969pt>
File: cliqforstn.png Graphic file (type png)
<use cliqforstn.png>
Package pdftex.def Info: cliqforstn.png  used on input line 472.
(pdftex.def)             Requested size: 170.71458pt x 113.80933pt.
 [4 <./original_graph.png> <./bandwidthmodel.png> <./graph_star.png> <./cliqfor
stn.png>]

Package natbib Warning: Citation `BEHTV19' on page 5 undefined on input line 52
8.


LaTeX Warning: Reference `subsec:LPmaxflow' on page 5 undefined on input line 6
12.


LaTeX Warning: Reference `subsec:LPminAVGdelay' on page 5 undefined on input li
ne 612.

[5] (eremeev_et_al.bbl

Package natbib Warning: Empty `thebibliography' environment on input line 10.

) [6

]

Package natbib Warning: There were undefined citations.

(eremeev_et_al.aux)

LaTeX Warning: There were undefined references.


LaTeX Warning: There were multiply-defined labels.

 ) 
Here is how much of TeX's memory you used:
 2136 strings out of 480224
 28824 string characters out of 2889978
 335296 words of memory out of 3000000
 18713 multiletter control sequences out of 15000+200000
 540608 words of font info for 52 fonts, out of 3000000 for 9000
 1141 hyphenation exceptions out of 8191
 60i,10n,66p,526b,256s stack positions out of 5000i,500n,10000p,200000b,50000s
<C:/Program Files/MiKTeX/fonts/type1/public/amsfonts/cm/cmbx10.pfb><C:/Progra
m Files/MiKTeX/fonts/type1/public/amsfonts/cm/cmbx12.pfb><C:/Program Files/MiKT
eX/fonts/type1/public/amsfonts/cm/cmex10.pfb><C:/Program Files/MiKTeX/fonts/typ
e1/public/amsfonts/cm/cmmi10.pfb><C:/Program Files/MiKTeX/fonts/type1/public/am
sfonts/cm/cmmi12.pfb><C:/Program Files/MiKTeX/fonts/type1/public/amsfonts/cm/cm
mi5.pfb><C:/Program Files/MiKTeX/fonts/type1/public/amsfonts/cm/cmmi6.pfb><C:/P
rogram Files/MiKTeX/fonts/type1/public/amsfonts/cm/cmmi7.pfb><C:/Program Files/
MiKTeX/fonts/type1/public/amsfonts/cm/cmmi8.pfb><C:/Program Files/MiKTeX/fonts/
type1/public/amsfonts/cm/cmr10.pfb><C:/Program Files/MiKTeX/fonts/type1/public/
amsfonts/cm/cmr5.pfb><C:/Program Files/MiKTeX/fonts/type1/public/amsfonts/cm/cm
r6.pfb><C:/Program Files/MiKTeX/fonts/type1/public/amsfonts/cm/cmr7.pfb><C:/Pro
gram Files/MiKTeX/fonts/type1/public/amsfonts/cm/cmr8.pfb><C:/Program Files/MiK
TeX/fonts/type1/public/amsfonts/cm/cmsy10.pfb><C:/Program Files/MiKTeX/fonts/ty
pe1/public/amsfonts/cm/cmsy6.pfb><C:/Program Files/MiKTeX/fonts/type1/public/am
sfonts/cm/cmsy7.pfb><C:/Program Files/MiKTeX/fonts/type1/public/amsfonts/cm/cmt
i10.pfb><C:/Program Files/MiKTeX/fonts/type1/public/amsfonts/cm/cmtt10.pfb>
Output written on eremeev_et_al.pdf (6 pages, 296236 bytes).
PDF statistics:
 105 PDF objects out of 1000 (max. 8388607)
 0 named destinations out of 1000 (max. 500000)
 21 words of extra memory for PDF output out of 10000 (max. 10000000)

